data.dir
├── apqq
│   ├── ddyhtt
│   ├── fbxfdmvvoy
│   │   ├── cifcqbvi
│   │   ├── dwmjyqte
│   │   ├── ef
│   │   ├── gbi
│   │   ├── lhqvblsp
│   │   ├── vwmf
│   │   ├── vwrd
│   │   │   ├── fgr
│   │   │   ├── jixqyt
│   │   │   ├── jnlzihtno
│   │   │   ├── kbtqirgnh
│   │   │   ├── ssgccikf
│   │   │   ├── yofo
│   │   │   └── ypqqojlx
│   │   └── znmniic
│   ├── pies
│   ├── tx
│   └── yeekh
└── uoouuf
│   ├── ahrow
│   ├── ldjxa
│   │   ├── hwpak
│   │   ├── jusqgmu
│   │   ├── mxs
│   │   ├── vnczaxrc
│   │   └── xvptqevpfug
│   │   │   ├── ifoxrmqo
│   │   │   ├── lfebmbs
│   │   │   ├── qbmaib
│   │   │   ├── sgkk
│   │   │   ├── wacouiy
│   │   │   ├── wetf
│   │   │   └── ww
│   ├── squejsez
│   ├── stee
│   ├── uqc
│   └── xj
